<?xml version="1.0" encoding="UTF-8"?>
<!-- Generated by org.testng.reporters.JUnitXMLReporter -->
<testsuite ignored="4" hostname="LTIN275883" failures="0" tests="20" name="Test" time="298.04" errors="0" timestamp="2024-02-29T17:44:27 IST">
  <testcase classname="testCases.TC_001_WebDevelopmentTest" name="enterCourseNameAndSearch" time="40.162"/>
  <testcase classname="testCases.TC_001_WebDevelopmentTest" name="selectLanguage" time="6.328"/>
  <testcase classname="testCases.TC_001_WebDevelopmentTest" name="scrollAfterLanguageSelection" time="0.073"/>
  <testcase classname="testCases.TC_001_WebDevelopmentTest" name="selectLevel" time="1.244"/>
  <testcase classname="testCases.TC_001_WebDevelopmentTest" name="scrollAfterLevelSelection" time="0.031"/>
  <testcase classname="testCases.TC_001_WebDevelopmentTest" name="clickOnFirstCourse" time="1.991"/>
  <testcase classname="testCases.TC_001_WebDevelopmentTest" name="tabSwitchFirstCourse" time="0.076"/>
  <testcase classname="testCases.TC_001_WebDevelopmentTest" name="Course1Details" time="1.858"/>
  <testcase classname="testCases.TC_001_WebDevelopmentTest" name="tabSwitchDefaultPage" time="0.069"/>
  <testcase classname="testCases.TC_001_WebDevelopmentTest" name="clickOnSecondCourse" time="0.186"/>
  <testcase classname="testCases.TC_001_WebDevelopmentTest" name="tabSwitchSecondCourse" time="0.22"/>
  <testcase classname="testCases.TC_001_WebDevelopmentTest" name="Course2Details" time="0.913"/>
  <testcase classname="testCases.TC_001_WebDevelopmentTest" name="tabSwitchDefaultPageAgain" time="0.074"/>
  <testcase classname="testCases.TC_002_LanguageLearningTest" name="searchLanguage" time="6.169"/>
  <testcase classname="testCases.TC_002_LanguageLearningTest" name="ExtractLanguages" time="4.622"/>
  <testcase classname="testCases.TC_002_LanguageLearningTest" name="ExtractLevels" time="0.758"/>
  <testcase classname="testCases.TC_003_ForEnterpriseTest" name="reachForm" time="116.95"/>
  <testcase classname="testCases.TC_003_ForEnterpriseTest" name="fillForm" time="5.981"/>
  <testcase classname="testCases.TC_003_ForEnterpriseTest" name="submit" time="0.381"/>
  <testcase classname="testCases.TC_003_ForEnterpriseTest" name="captureError" time="0.17"/>
  <testcase classname="testBase.BaseClass" name="@AfterTest tearDown" time="0.0">
    <ignored/>
  </testcase> <!-- @AfterTest tearDown -->
  <testcase classname="testBase.BaseClass" name="@BeforeTest initilizeBrowser" time="0.0">
    <ignored/>
  </testcase> <!-- @BeforeTest initilizeBrowser -->
  <testcase classname="testBase.BaseClass" name="@AfterTest tearDown" time="0.0">
    <ignored/>
  </testcase> <!-- @AfterTest tearDown -->
  <testcase classname="testBase.BaseClass" name="@BeforeTest initilizeBrowser" time="0.0">
    <ignored/>
  </testcase> <!-- @BeforeTest initilizeBrowser -->
</testsuite> <!-- Test -->
